This file contains any messages produced by compilers while
running configure, to aid debugging if configure makes a mistake.

It was created by nls configure 0.1, which was
generated by GNU Autoconf 2.69.  Invocation command line was

  $ ./configure --no-create --no-recursion

## --------- ##
## Platform. ##
## --------- ##

hostname = jhx-VirtualBox
uname -m = x86_64
uname -r = 4.15.0-30-generic
uname -s = Linux
uname -v = #32-Ubuntu SMP Thu Jul 26 17:42:43 UTC 2018

/usr/bin/uname -p = unknown
/bin/uname -X     = unknown

/bin/arch              = unknown
/usr/bin/arch -k       = unknown
/usr/convex/getsysinfo = unknown
/usr/bin/hostinfo      = unknown
/bin/machine           = unknown
/usr/bin/oslevel       = unknown
/bin/universe          = unknown

PATH: /usr/local/cuda/bin
PATH: /home/jhx/.local/bin
PATH: .
PATH: /usr/lib/jdk/jdk1.8/bin
PATH: /usr/local/sbin
PATH: /usr/local/bin
PATH: /usr/sbin
PATH: /usr/bin
PATH: /sbin
PATH: /bin
PATH: /usr/games
PATH: /usr/local/games
PATH: /snap/bin


## ----------- ##
## Core tests. ##
## ----------- ##

configure:2516: checking for a BSD-compatible install
configure:2584: result: /usr/bin/install -c
configure:2595: checking whether build environment is sane
configure:2650: result: yes
configure:2801: checking for a thread-safe mkdir -p
configure:2840: result: /bin/mkdir -p
configure:2847: checking for gawk
configure:2877: result: no
configure:2847: checking for mawk
configure:2863: found /usr/bin/mawk
configure:2874: result: mawk
configure:2885: checking whether make sets $(MAKE)
configure:2907: result: yes
configure:2936: checking whether make supports nested variables
configure:2953: result: yes
configure:3139: checking for g++
configure:3155: found /usr/bin/g++
configure:3166: result: g++
configure:3193: checking for C++ compiler version
configure:3202: g++ --version >&5
g++ (Ubuntu 5.5.0-12ubuntu1) 5.5.0 20171010
Copyright (C) 2015 Free Software Foundation, Inc.
This is free software; see the source for copying conditions.  There is NO
warranty; not even for MERCHANTABILITY or FITNESS FOR A PARTICULAR PURPOSE.

configure:3213: $? = 0
configure:3202: g++ -v >&5
Using built-in specs.
COLLECT_GCC=g++
COLLECT_LTO_WRAPPER=/usr/lib/gcc/x86_64-linux-gnu/5/lto-wrapper
Target: x86_64-linux-gnu
Configured with: ../src/configure -v --with-pkgversion='Ubuntu 5.5.0-12ubuntu1' --with-bugurl=file:///usr/share/doc/gcc-5/README.Bugs --enable-languages=c,ada,c++,go,d,fortran,objc,obj-c++ --prefix=/usr --program-suffix=-5 --enable-shared --enable-linker-build-id --libexecdir=/usr/lib --without-included-gettext --enable-threads=posix --libdir=/usr/lib --enable-nls --with-sysroot=/ --enable-clocale=gnu --enable-libstdcxx-debug --enable-libstdcxx-time=yes --with-default-libstdcxx-abi=new --enable-gnu-unique-object --disable-vtable-verify --enable-libmpx --enable-plugin --enable-default-pie --with-system-zlib --enable-objc-gc --enable-multiarch --disable-werror --with-arch-32=i686 --with-abi=m64 --with-multilib-list=m32,m64,mx32 --enable-multilib --with-tune=generic --enable-checking=release --build=x86_64-linux-gnu --host=x86_64-linux-gnu --target=x86_64-linux-gnu
Thread model: posix
gcc version 5.5.0 20171010 (Ubuntu 5.5.0-12ubuntu1) 
configure:3213: $? = 0
configure:3202: g++ -V >&5
g++: error: unrecognized command line option '-V'
g++: fatal error: no input files
compilation terminated.
configure:3213: $? = 1
configure:3202: g++ -qversion >&5
g++: error: unrecognized command line option '-qversion'
g++: fatal error: no input files
compilation terminated.
configure:3213: $? = 1
configure:3233: checking whether the C++ compiler works
configure:3255: g++    conftest.cpp  >&5
configure:3259: $? = 0
configure:3307: result: yes
configure:3310: checking for C++ compiler default output file name
configure:3312: result: a.out
configure:3318: checking for suffix of executables
configure:3325: g++ -o conftest    conftest.cpp  >&5
configure:3329: $? = 0
configure:3351: result: 
configure:3373: checking whether we are cross compiling
configure:3381: g++ -o conftest    conftest.cpp  >&5
configure:3385: $? = 0
configure:3392: ./conftest
configure:3396: $? = 0
configure:3411: result: no
configure:3416: checking for suffix of object files
configure:3438: g++ -c   conftest.cpp >&5
configure:3442: $? = 0
configure:3463: result: o
configure:3467: checking whether we are using the GNU C++ compiler
configure:3486: g++ -c   conftest.cpp >&5
configure:3486: $? = 0
configure:3495: result: yes
configure:3504: checking whether g++ accepts -g
configure:3524: g++ -c -g  conftest.cpp >&5
configure:3524: $? = 0
configure:3565: result: yes
configure:3599: checking for style of include used by make
configure:3627: result: GNU
configure:3653: checking dependency style of g++
configure:3764: result: gcc3
configure:3827: checking for gcc
configure:3843: found /usr/bin/gcc
configure:3854: result: gcc
configure:4083: checking for C compiler version
configure:4092: gcc --version >&5
gcc (Ubuntu 5.5.0-12ubuntu1) 5.5.0 20171010
Copyright (C) 2015 Free Software Foundation, Inc.
This is free software; see the source for copying conditions.  There is NO
warranty; not even for MERCHANTABILITY or FITNESS FOR A PARTICULAR PURPOSE.

configure:4103: $? = 0
configure:4092: gcc -v >&5
Using built-in specs.
COLLECT_GCC=gcc
COLLECT_LTO_WRAPPER=/usr/lib/gcc/x86_64-linux-gnu/5/lto-wrapper
Target: x86_64-linux-gnu
Configured with: ../src/configure -v --with-pkgversion='Ubuntu 5.5.0-12ubuntu1' --with-bugurl=file:///usr/share/doc/gcc-5/README.Bugs --enable-languages=c,ada,c++,go,d,fortran,objc,obj-c++ --prefix=/usr --program-suffix=-5 --enable-shared --enable-linker-build-id --libexecdir=/usr/lib --without-included-gettext --enable-threads=posix --libdir=/usr/lib --enable-nls --with-sysroot=/ --enable-clocale=gnu --enable-libstdcxx-debug --enable-libstdcxx-time=yes --with-default-libstdcxx-abi=new --enable-gnu-unique-object --disable-vtable-verify --enable-libmpx --enable-plugin --enable-default-pie --with-system-zlib --enable-objc-gc --enable-multiarch --disable-werror --with-arch-32=i686 --with-abi=m64 --with-multilib-list=m32,m64,mx32 --enable-multilib --with-tune=generic --enable-checking=release --build=x86_64-linux-gnu --host=x86_64-linux-gnu --target=x86_64-linux-gnu
Thread model: posix
gcc version 5.5.0 20171010 (Ubuntu 5.5.0-12ubuntu1) 
configure:4103: $? = 0
configure:4092: gcc -V >&5
gcc: error: unrecognized command line option '-V'
gcc: fatal error: no input files
compilation terminated.
configure:4103: $? = 1
configure:4092: gcc -qversion >&5
gcc: error: unrecognized command line option '-qversion'
gcc: fatal error: no input files
compilation terminated.
configure:4103: $? = 1
configure:4107: checking whether we are using the GNU C compiler
configure:4126: gcc -c   conftest.c >&5
configure:4126: $? = 0
configure:4135: result: yes
configure:4144: checking whether gcc accepts -g
configure:4164: gcc -c -g  conftest.c >&5
configure:4164: $? = 0
configure:4205: result: yes
configure:4222: checking for gcc option to accept ISO C89
configure:4285: gcc  -c -g -O2  conftest.c >&5
configure:4285: $? = 0
configure:4298: result: none needed
configure:4323: checking whether gcc understands -c and -o together
configure:4345: gcc -c conftest.c -o conftest2.o
configure:4348: $? = 0
configure:4345: gcc -c conftest.c -o conftest2.o
configure:4348: $? = 0
configure:4360: result: yes
configure:4379: checking dependency style of gcc
configure:4490: result: gcc3
configure:4535: checking build system type
configure:4549: result: x86_64-pc-linux-gnu
configure:4569: checking host system type
configure:4582: result: x86_64-pc-linux-gnu
configure:4623: checking how to print strings
configure:4650: result: printf
configure:4671: checking for a sed that does not truncate output
configure:4735: result: /bin/sed
configure:4753: checking for grep that handles long lines and -e
configure:4811: result: /bin/grep
configure:4816: checking for egrep
configure:4878: result: /bin/grep -E
configure:4883: checking for fgrep
configure:4945: result: /bin/grep -F
configure:4980: checking for ld used by gcc
configure:5047: result: /usr/bin/ld
configure:5054: checking if the linker (/usr/bin/ld) is GNU ld
configure:5069: result: yes
configure:5081: checking for BSD- or MS-compatible name lister (nm)
configure:5135: result: /usr/bin/nm -B
configure:5265: checking the name lister (/usr/bin/nm -B) interface
configure:5272: gcc -c -g -O2  conftest.c >&5
configure:5275: /usr/bin/nm -B "conftest.o"
configure:5278: output
0000000000000000 B some_variable
configure:5285: result: BSD nm
configure:5288: checking whether ln -s works
configure:5292: result: yes
configure:5300: checking the maximum length of command line arguments
configure:5431: result: 1572864
configure:5479: checking how to convert x86_64-pc-linux-gnu file names to x86_64-pc-linux-gnu format
configure:5519: result: func_convert_file_noop
configure:5526: checking how to convert x86_64-pc-linux-gnu file names to toolchain format
configure:5546: result: func_convert_file_noop
configure:5553: checking for /usr/bin/ld option to reload object files
configure:5560: result: -r
configure:5634: checking for objdump
configure:5650: found /usr/bin/objdump
configure:5661: result: objdump
configure:5693: checking how to recognize dependent libraries
configure:5893: result: pass_all
configure:5978: checking for dlltool
configure:6008: result: no
configure:6038: checking how to associate runtime and link libraries
configure:6065: result: printf %s\n
configure:6126: checking for ar
configure:6142: found /usr/bin/ar
configure:6153: result: ar
configure:6190: checking for archiver @FILE support
configure:6207: gcc -c -g -O2  conftest.c >&5
configure:6207: $? = 0
configure:6210: ar cru libconftest.a @conftest.lst >&5
ar: `u' modifier ignored since `D' is the default (see `U')
configure:6213: $? = 0
configure:6218: ar cru libconftest.a @conftest.lst >&5
ar: `u' modifier ignored since `D' is the default (see `U')
ar: conftest.o: No such file or directory
configure:6221: $? = 1
configure:6233: result: @
configure:6291: checking for strip
configure:6307: found /usr/bin/strip
configure:6318: result: strip
configure:6390: checking for ranlib
configure:6406: found /usr/bin/ranlib
configure:6417: result: ranlib
configure:6519: checking command to parse /usr/bin/nm -B output from gcc object
configure:6672: gcc -c -g -O2  conftest.c >&5
configure:6675: $? = 0
configure:6679: /usr/bin/nm -B conftest.o \| sed -n -e 's/^.*[ ]\([ABCDGIRSTW][ABCDGIRSTW]*\)[ ][ ]*\([_A-Za-z][_A-Za-z0-9]*\)$/\1 \2 \2/p' | sed '/ __gnu_lto/d' \> conftest.nm
configure:6682: $? = 0
configure:6748: gcc -o conftest -g -O2   conftest.c conftstm.o >&5
configure:6751: $? = 0
configure:6789: result: ok
configure:6836: checking for sysroot
configure:6866: result: no
configure:6873: checking for a working dd
configure:6911: result: /bin/dd
configure:6915: checking how to truncate binary pipes
configure:6930: result: /bin/dd bs=4096 count=1
configure:7066: gcc -c -g -O2  conftest.c >&5
configure:7069: $? = 0
configure:7259: checking for mt
configure:7275: found /bin/mt
configure:7286: result: mt
configure:7309: checking if mt is a manifest tool
configure:7315: mt '-?'
configure:7323: result: no
configure:8000: checking how to run the C preprocessor
configure:8031: gcc -E  conftest.c
configure:8031: $? = 0
configure:8045: gcc -E  conftest.c
conftest.c:11:28: fatal error: ac_nonexistent.h: No such file or directory
compilation terminated.
configure:8045: $? = 1
configure: failed program was:
| /* confdefs.h */
| #define PACKAGE_NAME "nls"
| #define PACKAGE_TARNAME "nls"
| #define PACKAGE_VERSION "0.1"
| #define PACKAGE_STRING "nls 0.1"
| #define PACKAGE_BUGREPORT "mezixun@foxmail.com"
| #define PACKAGE_URL ""
| #define PACKAGE "nls"
| #define VERSION "0.1"
| /* end confdefs.h.  */
| #include <ac_nonexistent.h>
configure:8070: result: gcc -E
configure:8090: gcc -E  conftest.c
configure:8090: $? = 0
configure:8104: gcc -E  conftest.c
conftest.c:11:28: fatal error: ac_nonexistent.h: No such file or directory
compilation terminated.
configure:8104: $? = 1
configure: failed program was:
| /* confdefs.h */
| #define PACKAGE_NAME "nls"
| #define PACKAGE_TARNAME "nls"
| #define PACKAGE_VERSION "0.1"
| #define PACKAGE_STRING "nls 0.1"
| #define PACKAGE_BUGREPORT "mezixun@foxmail.com"
| #define PACKAGE_URL ""
| #define PACKAGE "nls"
| #define VERSION "0.1"
| /* end confdefs.h.  */
| #include <ac_nonexistent.h>
configure:8133: checking for ANSI C header files
configure:8153: gcc -c -g -O2  conftest.c >&5
configure:8153: $? = 0
configure:8226: gcc -o conftest -g -O2   conftest.c  >&5
configure:8226: $? = 0
configure:8226: ./conftest
configure:8226: $? = 0
configure:8237: result: yes
configure:8250: checking for sys/types.h
configure:8250: gcc -c -g -O2  conftest.c >&5
configure:8250: $? = 0
configure:8250: result: yes
configure:8250: checking for sys/stat.h
configure:8250: gcc -c -g -O2  conftest.c >&5
configure:8250: $? = 0
configure:8250: result: yes
configure:8250: checking for stdlib.h
configure:8250: gcc -c -g -O2  conftest.c >&5
configure:8250: $? = 0
configure:8250: result: yes
configure:8250: checking for string.h
configure:8250: gcc -c -g -O2  conftest.c >&5
configure:8250: $? = 0
configure:8250: result: yes
configure:8250: checking for memory.h
configure:8250: gcc -c -g -O2  conftest.c >&5
configure:8250: $? = 0
configure:8250: result: yes
configure:8250: checking for strings.h
configure:8250: gcc -c -g -O2  conftest.c >&5
configure:8250: $? = 0
configure:8250: result: yes
configure:8250: checking for inttypes.h
configure:8250: gcc -c -g -O2  conftest.c >&5
configure:8250: $? = 0
configure:8250: result: yes
configure:8250: checking for stdint.h
configure:8250: gcc -c -g -O2  conftest.c >&5
configure:8250: $? = 0
configure:8250: result: yes
configure:8250: checking for unistd.h
configure:8250: gcc -c -g -O2  conftest.c >&5
configure:8250: $? = 0
configure:8250: result: yes
configure:8264: checking for dlfcn.h
configure:8264: gcc -c -g -O2  conftest.c >&5
configure:8264: $? = 0
configure:8264: result: yes
configure:8531: checking for objdir
configure:8546: result: .libs
configure:8806: checking if gcc supports -fno-rtti -fno-exceptions
configure:8824: gcc -c -g -O2  -fno-rtti -fno-exceptions conftest.c >&5
cc1: warning: command line option '-fno-rtti' is valid for C++/ObjC++ but not for C
configure:8828: $? = 0
configure:8841: result: no
configure:9199: checking for gcc option to produce PIC
configure:9206: result: -fPIC -DPIC
configure:9214: checking if gcc PIC flag -fPIC -DPIC works
configure:9232: gcc -c -g -O2  -fPIC -DPIC -DPIC conftest.c >&5
configure:9236: $? = 0
configure:9249: result: yes
configure:9278: checking if gcc static flag -static works
configure:9306: result: yes
configure:9321: checking if gcc supports -c -o file.o
configure:9342: gcc -c -g -O2  -o out/conftest2.o conftest.c >&5
configure:9346: $? = 0
configure:9368: result: yes
configure:9376: checking if gcc supports -c -o file.o
configure:9423: result: yes
configure:9456: checking whether the gcc linker (/usr/bin/ld -m elf_x86_64) supports shared libraries
configure:10719: result: yes
configure:10756: checking whether -lc should be explicitly linked in
configure:10764: gcc -c -g -O2  conftest.c >&5
configure:10767: $? = 0
configure:10782: gcc -shared  -fPIC -DPIC conftest.o  -v -Wl,-soname -Wl,conftest -o conftest 2\>\&1 \| /bin/grep  -lc  \>/dev/null 2\>\&1
configure:10785: $? = 0
configure:10799: result: no
configure:10959: checking dynamic linker characteristics
configure:11540: gcc -o conftest -g -O2   -Wl,-rpath -Wl,/foo conftest.c  >&5
configure:11540: $? = 0
configure:11789: result: GNU/Linux ld.so
configure:11911: checking how to hardcode library paths into programs
configure:11936: result: immediate
configure:12484: checking whether stripping libraries is possible
configure:12489: result: yes
configure:12524: checking if libtool supports shared libraries
configure:12526: result: yes
configure:12529: checking whether to build shared libraries
configure:12554: result: yes
configure:12557: checking whether to build static libraries
configure:12561: result: yes
configure:12584: checking how to run the C++ preprocessor
configure:12611: g++ -E  conftest.cpp
configure:12611: $? = 0
configure:12625: g++ -E  conftest.cpp
conftest.cpp:23:28: fatal error: ac_nonexistent.h: No such file or directory
compilation terminated.
configure:12625: $? = 1
configure: failed program was:
| /* confdefs.h */
| #define PACKAGE_NAME "nls"
| #define PACKAGE_TARNAME "nls"
| #define PACKAGE_VERSION "0.1"
| #define PACKAGE_STRING "nls 0.1"
| #define PACKAGE_BUGREPORT "mezixun@foxmail.com"
| #define PACKAGE_URL ""
| #define PACKAGE "nls"
| #define VERSION "0.1"
| #define STDC_HEADERS 1
| #define HAVE_SYS_TYPES_H 1
| #define HAVE_SYS_STAT_H 1
| #define HAVE_STDLIB_H 1
| #define HAVE_STRING_H 1
| #define HAVE_MEMORY_H 1
| #define HAVE_STRINGS_H 1
| #define HAVE_INTTYPES_H 1
| #define HAVE_STDINT_H 1
| #define HAVE_UNISTD_H 1
| #define HAVE_DLFCN_H 1
| #define LT_OBJDIR ".libs/"
| /* end confdefs.h.  */
| #include <ac_nonexistent.h>
configure:12650: result: g++ -E
configure:12670: g++ -E  conftest.cpp
configure:12670: $? = 0
configure:12684: g++ -E  conftest.cpp
conftest.cpp:23:28: fatal error: ac_nonexistent.h: No such file or directory
compilation terminated.
configure:12684: $? = 1
configure: failed program was:
| /* confdefs.h */
| #define PACKAGE_NAME "nls"
| #define PACKAGE_TARNAME "nls"
| #define PACKAGE_VERSION "0.1"
| #define PACKAGE_STRING "nls 0.1"
| #define PACKAGE_BUGREPORT "mezixun@foxmail.com"
| #define PACKAGE_URL ""
| #define PACKAGE "nls"
| #define VERSION "0.1"
| #define STDC_HEADERS 1
| #define HAVE_SYS_TYPES_H 1
| #define HAVE_SYS_STAT_H 1
| #define HAVE_STDLIB_H 1
| #define HAVE_STRING_H 1
| #define HAVE_MEMORY_H 1
| #define HAVE_STRINGS_H 1
| #define HAVE_INTTYPES_H 1
| #define HAVE_STDINT_H 1
| #define HAVE_UNISTD_H 1
| #define HAVE_DLFCN_H 1
| #define LT_OBJDIR ".libs/"
| /* end confdefs.h.  */
| #include <ac_nonexistent.h>
configure:12846: checking for ld used by g++
configure:12913: result: /usr/bin/ld -m elf_x86_64
configure:12920: checking if the linker (/usr/bin/ld -m elf_x86_64) is GNU ld
configure:12935: result: yes
configure:12990: checking whether the g++ linker (/usr/bin/ld -m elf_x86_64) supports shared libraries
configure:14063: result: yes
configure:14099: g++ -c -g -O2  conftest.cpp >&5
configure:14102: $? = 0
configure:14583: checking for g++ option to produce PIC
configure:14590: result: -fPIC -DPIC
configure:14598: checking if g++ PIC flag -fPIC -DPIC works
configure:14616: g++ -c -g -O2  -fPIC -DPIC -DPIC conftest.cpp >&5
configure:14620: $? = 0
configure:14633: result: yes
configure:14656: checking if g++ static flag -static works
configure:14684: result: yes
configure:14696: checking if g++ supports -c -o file.o
configure:14717: g++ -c -g -O2  -o out/conftest2.o conftest.cpp >&5
configure:14721: $? = 0
configure:14743: result: yes
configure:14748: checking if g++ supports -c -o file.o
configure:14795: result: yes
configure:14825: checking whether the g++ linker (/usr/bin/ld -m elf_x86_64) supports shared libraries
configure:14868: result: yes
configure:15009: checking dynamic linker characteristics
configure:15766: result: GNU/Linux ld.so
configure:15831: checking how to hardcode library paths into programs
configure:15856: result: immediate
configure:15920: checking for main in -lACE
configure:15939: gcc -o conftest -g -O2   conftest.c -lACE   >&5
configure:15939: $? = 0
configure:15948: result: yes
configure:15960: checking for main in -lpthread
configure:15979: gcc -o conftest -g -O2   conftest.c -lpthread  -lACE  >&5
configure:15979: $? = 0
configure:15988: result: yes
configure:16004: checking arpa/inet.h usability
configure:16004: gcc -c -g -O2  conftest.c >&5
configure:16004: $? = 0
configure:16004: result: yes
configure:16004: checking arpa/inet.h presence
configure:16004: gcc -E  conftest.c
configure:16004: $? = 0
configure:16004: result: yes
configure:16004: checking for arpa/inet.h
configure:16004: result: yes
configure:16004: checking fcntl.h usability
configure:16004: gcc -c -g -O2  conftest.c >&5
configure:16004: $? = 0
configure:16004: result: yes
configure:16004: checking fcntl.h presence
configure:16004: gcc -E  conftest.c
configure:16004: $? = 0
configure:16004: result: yes
configure:16004: checking for fcntl.h
configure:16004: result: yes
configure:16004: checking malloc.h usability
configure:16004: gcc -c -g -O2  conftest.c >&5
configure:16004: $? = 0
configure:16004: result: yes
configure:16004: checking malloc.h presence
configure:16004: gcc -E  conftest.c
configure:16004: $? = 0
configure:16004: result: yes
configure:16004: checking for malloc.h
configure:16004: result: yes
configure:16004: checking netdb.h usability
configure:16004: gcc -c -g -O2  conftest.c >&5
configure:16004: $? = 0
configure:16004: result: yes
configure:16004: checking netdb.h presence
configure:16004: gcc -E  conftest.c
configure:16004: $? = 0
configure:16004: result: yes
configure:16004: checking for netdb.h
configure:16004: result: yes
configure:16004: checking netinet/in.h usability
configure:16004: gcc -c -g -O2  conftest.c >&5
configure:16004: $? = 0
configure:16004: result: yes
configure:16004: checking netinet/in.h presence
configure:16004: gcc -E  conftest.c
configure:16004: $? = 0
configure:16004: result: yes
configure:16004: checking for netinet/in.h
configure:16004: result: yes
configure:16004: checking for stdlib.h
configure:16004: result: yes
configure:16004: checking for string.h
configure:16004: result: yes
configure:16004: checking sys/socket.h usability
configure:16004: gcc -c -g -O2  conftest.c >&5
configure:16004: $? = 0
configure:16004: result: yes
configure:16004: checking sys/socket.h presence
configure:16004: gcc -E  conftest.c
configure:16004: $? = 0
configure:16004: result: yes
configure:16004: checking for sys/socket.h
configure:16004: result: yes
configure:16004: checking sys/time.h usability
configure:16004: gcc -c -g -O2  conftest.c >&5
configure:16004: $? = 0
configure:16004: result: yes
configure:16004: checking sys/time.h presence
configure:16004: gcc -E  conftest.c
configure:16004: $? = 0
configure:16004: result: yes
configure:16004: checking for sys/time.h
configure:16004: result: yes
configure:16016: checking for stdbool.h that conforms to C99
configure:16083: gcc -c -g -O2  conftest.c >&5
configure:16083: $? = 0
configure:16090: result: yes
configure:16092: checking for _Bool
configure:16092: gcc -c -g -O2  conftest.c >&5
configure:16092: $? = 0
configure:16092: gcc -c -g -O2  conftest.c >&5
conftest.c: In function 'main':
conftest.c:70:20: error: expected expression before ')' token
 if (sizeof ((_Bool)))
                    ^
configure:16092: $? = 1
configure: failed program was:
| /* confdefs.h */
| #define PACKAGE_NAME "nls"
| #define PACKAGE_TARNAME "nls"
| #define PACKAGE_VERSION "0.1"
| #define PACKAGE_STRING "nls 0.1"
| #define PACKAGE_BUGREPORT "mezixun@foxmail.com"
| #define PACKAGE_URL ""
| #define PACKAGE "nls"
| #define VERSION "0.1"
| #define STDC_HEADERS 1
| #define HAVE_SYS_TYPES_H 1
| #define HAVE_SYS_STAT_H 1
| #define HAVE_STDLIB_H 1
| #define HAVE_STRING_H 1
| #define HAVE_MEMORY_H 1
| #define HAVE_STRINGS_H 1
| #define HAVE_INTTYPES_H 1
| #define HAVE_STDINT_H 1
| #define HAVE_UNISTD_H 1
| #define HAVE_DLFCN_H 1
| #define LT_OBJDIR ".libs/"
| #define HAVE_LIBACE 1
| #define HAVE_LIBPTHREAD 1
| #define HAVE_ARPA_INET_H 1
| #define HAVE_FCNTL_H 1
| #define HAVE_MALLOC_H 1
| #define HAVE_NETDB_H 1
| #define HAVE_NETINET_IN_H 1
| #define HAVE_STDLIB_H 1
| #define HAVE_STRING_H 1
| #define HAVE_SYS_SOCKET_H 1
| #define HAVE_SYS_TIME_H 1
| /* end confdefs.h.  */
| #include <stdio.h>
| #ifdef HAVE_SYS_TYPES_H
| # include <sys/types.h>
| #endif
| #ifdef HAVE_SYS_STAT_H
| # include <sys/stat.h>
| #endif
| #ifdef STDC_HEADERS
| # include <stdlib.h>
| # include <stddef.h>
| #else
| # ifdef HAVE_STDLIB_H
| #  include <stdlib.h>
| # endif
| #endif
| #ifdef HAVE_STRING_H
| # if !defined STDC_HEADERS && defined HAVE_MEMORY_H
| #  include <memory.h>
| # endif
| # include <string.h>
| #endif
| #ifdef HAVE_STRINGS_H
| # include <strings.h>
| #endif
| #ifdef HAVE_INTTYPES_H
| # include <inttypes.h>
| #endif
| #ifdef HAVE_STDINT_H
| # include <stdint.h>
| #endif
| #ifdef HAVE_UNISTD_H
| # include <unistd.h>
| #endif
| int
| main ()
| {
| if (sizeof ((_Bool)))
| 	    return 0;
|   ;
|   return 0;
| }
configure:16092: result: yes
configure:16103: checking for inline
configure:16119: gcc -c -g -O2  conftest.c >&5
configure:16119: $? = 0
configure:16127: result: inline
configure:16145: checking for size_t
configure:16145: gcc -c -g -O2  conftest.c >&5
configure:16145: $? = 0
configure:16145: gcc -c -g -O2  conftest.c >&5
conftest.c: In function 'main':
conftest.c:71:21: error: expected expression before ')' token
 if (sizeof ((size_t)))
                     ^
configure:16145: $? = 1
configure: failed program was:
| /* confdefs.h */
| #define PACKAGE_NAME "nls"
| #define PACKAGE_TARNAME "nls"
| #define PACKAGE_VERSION "0.1"
| #define PACKAGE_STRING "nls 0.1"
| #define PACKAGE_BUGREPORT "mezixun@foxmail.com"
| #define PACKAGE_URL ""
| #define PACKAGE "nls"
| #define VERSION "0.1"
| #define STDC_HEADERS 1
| #define HAVE_SYS_TYPES_H 1
| #define HAVE_SYS_STAT_H 1
| #define HAVE_STDLIB_H 1
| #define HAVE_STRING_H 1
| #define HAVE_MEMORY_H 1
| #define HAVE_STRINGS_H 1
| #define HAVE_INTTYPES_H 1
| #define HAVE_STDINT_H 1
| #define HAVE_UNISTD_H 1
| #define HAVE_DLFCN_H 1
| #define LT_OBJDIR ".libs/"
| #define HAVE_LIBACE 1
| #define HAVE_LIBPTHREAD 1
| #define HAVE_ARPA_INET_H 1
| #define HAVE_FCNTL_H 1
| #define HAVE_MALLOC_H 1
| #define HAVE_NETDB_H 1
| #define HAVE_NETINET_IN_H 1
| #define HAVE_STDLIB_H 1
| #define HAVE_STRING_H 1
| #define HAVE_SYS_SOCKET_H 1
| #define HAVE_SYS_TIME_H 1
| #define HAVE__BOOL 1
| /* end confdefs.h.  */
| #include <stdio.h>
| #ifdef HAVE_SYS_TYPES_H
| # include <sys/types.h>
| #endif
| #ifdef HAVE_SYS_STAT_H
| # include <sys/stat.h>
| #endif
| #ifdef STDC_HEADERS
| # include <stdlib.h>
| # include <stddef.h>
| #else
| # ifdef HAVE_STDLIB_H
| #  include <stdlib.h>
| # endif
| #endif
| #ifdef HAVE_STRING_H
| # if !defined STDC_HEADERS && defined HAVE_MEMORY_H
| #  include <memory.h>
| # endif
| # include <string.h>
| #endif
| #ifdef HAVE_STRINGS_H
| # include <strings.h>
| #endif
| #ifdef HAVE_INTTYPES_H
| # include <inttypes.h>
| #endif
| #ifdef HAVE_STDINT_H
| # include <stdint.h>
| #endif
| #ifdef HAVE_UNISTD_H
| # include <unistd.h>
| #endif
| int
| main ()
| {
| if (sizeof ((size_t)))
| 	    return 0;
|   ;
|   return 0;
| }
configure:16145: result: yes
configure:16156: checking for ssize_t
configure:16156: gcc -c -g -O2  conftest.c >&5
configure:16156: $? = 0
configure:16156: gcc -c -g -O2  conftest.c >&5
conftest.c: In function 'main':
conftest.c:71:22: error: expected expression before ')' token
 if (sizeof ((ssize_t)))
                      ^
configure:16156: $? = 1
configure: failed program was:
| /* confdefs.h */
| #define PACKAGE_NAME "nls"
| #define PACKAGE_TARNAME "nls"
| #define PACKAGE_VERSION "0.1"
| #define PACKAGE_STRING "nls 0.1"
| #define PACKAGE_BUGREPORT "mezixun@foxmail.com"
| #define PACKAGE_URL ""
| #define PACKAGE "nls"
| #define VERSION "0.1"
| #define STDC_HEADERS 1
| #define HAVE_SYS_TYPES_H 1
| #define HAVE_SYS_STAT_H 1
| #define HAVE_STDLIB_H 1
| #define HAVE_STRING_H 1
| #define HAVE_MEMORY_H 1
| #define HAVE_STRINGS_H 1
| #define HAVE_INTTYPES_H 1
| #define HAVE_STDINT_H 1
| #define HAVE_UNISTD_H 1
| #define HAVE_DLFCN_H 1
| #define LT_OBJDIR ".libs/"
| #define HAVE_LIBACE 1
| #define HAVE_LIBPTHREAD 1
| #define HAVE_ARPA_INET_H 1
| #define HAVE_FCNTL_H 1
| #define HAVE_MALLOC_H 1
| #define HAVE_NETDB_H 1
| #define HAVE_NETINET_IN_H 1
| #define HAVE_STDLIB_H 1
| #define HAVE_STRING_H 1
| #define HAVE_SYS_SOCKET_H 1
| #define HAVE_SYS_TIME_H 1
| #define HAVE__BOOL 1
| /* end confdefs.h.  */
| #include <stdio.h>
| #ifdef HAVE_SYS_TYPES_H
| # include <sys/types.h>
| #endif
| #ifdef HAVE_SYS_STAT_H
| # include <sys/stat.h>
| #endif
| #ifdef STDC_HEADERS
| # include <stdlib.h>
| # include <stddef.h>
| #else
| # ifdef HAVE_STDLIB_H
| #  include <stdlib.h>
| # endif
| #endif
| #ifdef HAVE_STRING_H
| # if !defined STDC_HEADERS && defined HAVE_MEMORY_H
| #  include <memory.h>
| # endif
| # include <string.h>
| #endif
| #ifdef HAVE_STRINGS_H
| # include <strings.h>
| #endif
| #ifdef HAVE_INTTYPES_H
| # include <inttypes.h>
| #endif
| #ifdef HAVE_STDINT_H
| # include <stdint.h>
| #endif
| #ifdef HAVE_UNISTD_H
| # include <unistd.h>
| #endif
| int
| main ()
| {
| if (sizeof ((ssize_t)))
| 	    return 0;
|   ;
|   return 0;
| }
configure:16156: result: yes
configure:16167: checking for uint32_t
configure:16167: gcc -c -g -O2  conftest.c >&5
configure:16167: $? = 0
configure:16167: result: yes
configure:16181: checking for uint64_t
configure:16181: gcc -c -g -O2  conftest.c >&5
configure:16181: $? = 0
configure:16181: result: yes
configure:16199: checking for stdlib.h
configure:16199: result: yes
configure:16209: checking for GNU libc compatible malloc
configure:16233: gcc -o conftest -g -O2   conftest.c -lpthread -lACE  >&5
configure:16233: $? = 0
configure:16233: ./conftest
configure:16233: $? = 0
configure:16243: result: yes
configure:16267: checking for bzero
configure:16267: gcc -o conftest -g -O2   conftest.c -lpthread -lACE  >&5
conftest.c:60:6: warning: conflicting types for built-in function 'bzero'
 char bzero ();
      ^
configure:16267: $? = 0
configure:16267: result: yes
configure:16267: checking for dup2
configure:16267: gcc -o conftest -g -O2   conftest.c -lpthread -lACE  >&5
configure:16267: $? = 0
configure:16267: result: yes
configure:16267: checking for gettimeofday
configure:16267: gcc -o conftest -g -O2   conftest.c -lpthread -lACE  >&5
configure:16267: $? = 0
configure:16267: result: yes
configure:16267: checking for localtime_r
configure:16267: gcc -o conftest -g -O2   conftest.c -lpthread -lACE  >&5
configure:16267: $? = 0
configure:16267: result: yes
configure:16267: checking for memset
configure:16267: gcc -o conftest -g -O2   conftest.c -lpthread -lACE  >&5
conftest.c:64:6: warning: conflicting types for built-in function 'memset'
 char memset ();
      ^
configure:16267: $? = 0
configure:16267: result: yes
configure:16267: checking for socket
configure:16267: gcc -o conftest -g -O2   conftest.c -lpthread -lACE  >&5
configure:16267: $? = 0
configure:16267: result: yes
configure:16267: checking for strcasecmp
configure:16267: gcc -o conftest -g -O2   conftest.c -lpthread -lACE  >&5
conftest.c:66:6: warning: conflicting types for built-in function 'strcasecmp'
 char strcasecmp ();
      ^
configure:16267: $? = 0
configure:16267: result: yes
configure:16267: checking for strchr
configure:16267: gcc -o conftest -g -O2   conftest.c -lpthread -lACE  >&5
conftest.c:67:6: warning: conflicting types for built-in function 'strchr'
 char strchr ();
      ^
configure:16267: $? = 0
configure:16267: result: yes
configure:16267: checking for strerror
configure:16267: gcc -o conftest -g -O2   conftest.c -lpthread -lACE  >&5
configure:16267: $? = 0
configure:16267: result: yes
configure:16267: checking for strtol
configure:16267: gcc -o conftest -g -O2   conftest.c -lpthread -lACE  >&5
configure:16267: $? = 0
configure:16267: result: yes
configure:16388: checking that generated files are newer than configure
configure:16394: result: done
configure:16421: creating ./config.status

## ---------------- ##
## Cache variables. ##
## ---------------- ##

ac_cv_build=x86_64-pc-linux-gnu
ac_cv_c_compiler_gnu=yes
ac_cv_c_inline=inline
ac_cv_c_uint32_t=yes
ac_cv_c_uint64_t=yes
ac_cv_cxx_compiler_gnu=yes
ac_cv_env_CCC_set=
ac_cv_env_CCC_value=
ac_cv_env_CC_set=
ac_cv_env_CC_value=
ac_cv_env_CFLAGS_set=
ac_cv_env_CFLAGS_value=
ac_cv_env_CPPFLAGS_set=
ac_cv_env_CPPFLAGS_value=
ac_cv_env_CPP_set=
ac_cv_env_CPP_value=
ac_cv_env_CXXCPP_set=
ac_cv_env_CXXCPP_value=
ac_cv_env_CXXFLAGS_set=
ac_cv_env_CXXFLAGS_value=
ac_cv_env_CXX_set=
ac_cv_env_CXX_value=
ac_cv_env_LDFLAGS_set=
ac_cv_env_LDFLAGS_value=
ac_cv_env_LIBS_set=
ac_cv_env_LIBS_value=
ac_cv_env_LT_SYS_LIBRARY_PATH_set=
ac_cv_env_LT_SYS_LIBRARY_PATH_value=
ac_cv_env_build_alias_set=
ac_cv_env_build_alias_value=
ac_cv_env_host_alias_set=
ac_cv_env_host_alias_value=
ac_cv_env_target_alias_set=
ac_cv_env_target_alias_value=
ac_cv_func_bzero=yes
ac_cv_func_dup2=yes
ac_cv_func_gettimeofday=yes
ac_cv_func_localtime_r=yes
ac_cv_func_malloc_0_nonnull=yes
ac_cv_func_memset=yes
ac_cv_func_socket=yes
ac_cv_func_strcasecmp=yes
ac_cv_func_strchr=yes
ac_cv_func_strerror=yes
ac_cv_func_strtol=yes
ac_cv_header_arpa_inet_h=yes
ac_cv_header_dlfcn_h=yes
ac_cv_header_fcntl_h=yes
ac_cv_header_inttypes_h=yes
ac_cv_header_malloc_h=yes
ac_cv_header_memory_h=yes
ac_cv_header_netdb_h=yes
ac_cv_header_netinet_in_h=yes
ac_cv_header_stdbool_h=yes
ac_cv_header_stdc=yes
ac_cv_header_stdint_h=yes
ac_cv_header_stdlib_h=yes
ac_cv_header_string_h=yes
ac_cv_header_strings_h=yes
ac_cv_header_sys_socket_h=yes
ac_cv_header_sys_stat_h=yes
ac_cv_header_sys_time_h=yes
ac_cv_header_sys_types_h=yes
ac_cv_header_unistd_h=yes
ac_cv_host=x86_64-pc-linux-gnu
ac_cv_lib_ACE_main=yes
ac_cv_lib_pthread_main=yes
ac_cv_objext=o
ac_cv_path_EGREP='/bin/grep -E'
ac_cv_path_FGREP='/bin/grep -F'
ac_cv_path_GREP=/bin/grep
ac_cv_path_SED=/bin/sed
ac_cv_path_install='/usr/bin/install -c'
ac_cv_path_lt_DD=/bin/dd
ac_cv_path_mkdir=/bin/mkdir
ac_cv_prog_AWK=mawk
ac_cv_prog_CPP='gcc -E'
ac_cv_prog_CXXCPP='g++ -E'
ac_cv_prog_ac_ct_AR=ar
ac_cv_prog_ac_ct_CC=gcc
ac_cv_prog_ac_ct_CXX=g++
ac_cv_prog_ac_ct_MANIFEST_TOOL=mt
ac_cv_prog_ac_ct_OBJDUMP=objdump
ac_cv_prog_ac_ct_RANLIB=ranlib
ac_cv_prog_ac_ct_STRIP=strip
ac_cv_prog_cc_c89=
ac_cv_prog_cc_g=yes
ac_cv_prog_cxx_g=yes
ac_cv_prog_make_make_set=yes
ac_cv_type__Bool=yes
ac_cv_type_size_t=yes
ac_cv_type_ssize_t=yes
am_cv_CC_dependencies_compiler_type=gcc3
am_cv_CXX_dependencies_compiler_type=gcc3
am_cv_make_support_nested_variables=yes
am_cv_prog_cc_c_o=yes
lt_cv_ar_at_file=@
lt_cv_archive_cmds_need_lc=no
lt_cv_deplibs_check_method=pass_all
lt_cv_file_magic_cmd='$MAGIC_CMD'
lt_cv_file_magic_test_file=
lt_cv_ld_reload_flag=-r
lt_cv_nm_interface='BSD nm'
lt_cv_objdir=.libs
lt_cv_path_LD=/usr/bin/ld
lt_cv_path_LDCXX='/usr/bin/ld -m elf_x86_64'
lt_cv_path_NM='/usr/bin/nm -B'
lt_cv_path_mainfest_tool=no
lt_cv_prog_compiler_c_o=yes
lt_cv_prog_compiler_c_o_CXX=yes
lt_cv_prog_compiler_pic='-fPIC -DPIC'
lt_cv_prog_compiler_pic_CXX='-fPIC -DPIC'
lt_cv_prog_compiler_pic_works=yes
lt_cv_prog_compiler_pic_works_CXX=yes
lt_cv_prog_compiler_rtti_exceptions=no
lt_cv_prog_compiler_static_works=yes
lt_cv_prog_compiler_static_works_CXX=yes
lt_cv_prog_gnu_ld=yes
lt_cv_prog_gnu_ldcxx=yes
lt_cv_sharedlib_from_linklib_cmd='printf %s\n'
lt_cv_shlibpath_overrides_runpath=yes
lt_cv_sys_global_symbol_pipe='sed -n -e '\''s/^.*[	 ]\([ABCDGIRSTW][ABCDGIRSTW]*\)[	 ][	 ]*\([_A-Za-z][_A-Za-z0-9]*\)$/\1 \2 \2/p'\'' | sed '\''/ __gnu_lto/d'\'''
lt_cv_sys_global_symbol_to_c_name_address='sed -n -e '\''s/^: \(.*\) .*$/  {"\1", (void *) 0},/p'\'' -e '\''s/^[ABCDGIRSTW][ABCDGIRSTW]* .* \(.*\)$/  {"\1", (void *) \&\1},/p'\'''
lt_cv_sys_global_symbol_to_c_name_address_lib_prefix='sed -n -e '\''s/^: \(.*\) .*$/  {"\1", (void *) 0},/p'\'' -e '\''s/^[ABCDGIRSTW][ABCDGIRSTW]* .* \(lib.*\)$/  {"\1", (void *) \&\1},/p'\'' -e '\''s/^[ABCDGIRSTW][ABCDGIRSTW]* .* \(.*\)$/  {"lib\1", (void *) \&\1},/p'\'''
lt_cv_sys_global_symbol_to_cdecl='sed -n -e '\''s/^T .* \(.*\)$/extern int \1();/p'\'' -e '\''s/^[ABCDGIRSTW][ABCDGIRSTW]* .* \(.*\)$/extern char \1;/p'\'''
lt_cv_sys_global_symbol_to_import=
lt_cv_sys_max_cmd_len=1572864
lt_cv_to_host_file_cmd=func_convert_file_noop
lt_cv_to_tool_file_cmd=func_convert_file_noop
lt_cv_truncate_bin='/bin/dd bs=4096 count=1'

## ----------------- ##
## Output variables. ##
## ----------------- ##

ACLOCAL='${SHELL} /home/jhx/trunk/nls/nls/missing aclocal-1.15'
AMDEPBACKSLASH='\'
AMDEP_FALSE='#'
AMDEP_TRUE=''
AMTAR='$${TAR-tar}'
AM_BACKSLASH='\'
AM_DEFAULT_V='$(AM_DEFAULT_VERBOSITY)'
AM_DEFAULT_VERBOSITY='1'
AM_V='$(V)'
AR='ar'
AUTOCONF='${SHELL} /home/jhx/trunk/nls/nls/missing autoconf'
AUTOHEADER='${SHELL} /home/jhx/trunk/nls/nls/missing autoheader'
AUTOMAKE='${SHELL} /home/jhx/trunk/nls/nls/missing automake-1.15'
AWK='mawk'
CC='gcc'
CCDEPMODE='depmode=gcc3'
CFLAGS='-g -O2'
CPP='gcc -E'
CPPFLAGS=''
CXX='g++'
CXXCPP='g++ -E'
CXXDEPMODE='depmode=gcc3'
CXXFLAGS='-g -O2'
CYGPATH_W='echo'
DEFS='-DHAVE_CONFIG_H'
DEPDIR='.deps'
DLLTOOL='false'
DSYMUTIL=''
DUMPBIN=''
ECHO_C=''
ECHO_N='-n'
ECHO_T=''
EGREP='/bin/grep -E'
EXEEXT=''
FGREP='/bin/grep -F'
GREP='/bin/grep'
INSTALL_DATA='${INSTALL} -m 644'
INSTALL_PROGRAM='${INSTALL}'
INSTALL_SCRIPT='${INSTALL}'
INSTALL_STRIP_PROGRAM='$(install_sh) -c -s'
LD='/usr/bin/ld -m elf_x86_64'
LDFLAGS=''
LIBOBJS=''
LIBS='-lpthread -lACE '
LIBTOOL='$(SHELL) $(top_builddir)/libtool'
LIPO=''
LN_S='ln -s'
LTLIBOBJS=''
LT_SYS_LIBRARY_PATH=''
MAKEINFO='${SHELL} /home/jhx/trunk/nls/nls/missing makeinfo'
MANIFEST_TOOL=':'
MKDIR_P='/bin/mkdir -p'
NM='/usr/bin/nm -B'
NMEDIT=''
OBJDUMP='objdump'
OBJEXT='o'
OTOOL64=''
OTOOL=''
PACKAGE='nls'
PACKAGE_BUGREPORT='mezixun@foxmail.com'
PACKAGE_NAME='nls'
PACKAGE_STRING='nls 0.1'
PACKAGE_TARNAME='nls'
PACKAGE_URL=''
PACKAGE_VERSION='0.1'
PATH_SEPARATOR=':'
RANLIB='ranlib'
SED='/bin/sed'
SET_MAKE=''
SHELL='/bin/bash'
STRIP='strip'
VERSION='0.1'
ac_ct_AR='ar'
ac_ct_CC='gcc'
ac_ct_CXX='g++'
ac_ct_DUMPBIN=''
am__EXEEXT_FALSE=''
am__EXEEXT_TRUE='#'
am__fastdepCC_FALSE='#'
am__fastdepCC_TRUE=''
am__fastdepCXX_FALSE='#'
am__fastdepCXX_TRUE=''
am__include='include'
am__isrc=''
am__leading_dot='.'
am__nodep='_no'
am__quote=''
am__tar='$${TAR-tar} chof - "$$tardir"'
am__untar='$${TAR-tar} xf -'
bindir='${exec_prefix}/bin'
build='x86_64-pc-linux-gnu'
build_alias=''
build_cpu='x86_64'
build_os='linux-gnu'
build_vendor='pc'
datadir='${datarootdir}'
datarootdir='${prefix}/share'
docdir='${datarootdir}/doc/${PACKAGE_TARNAME}'
dvidir='${docdir}'
exec_prefix='${prefix}'
host='x86_64-pc-linux-gnu'
host_alias=''
host_cpu='x86_64'
host_os='linux-gnu'
host_vendor='pc'
htmldir='${docdir}'
includedir='${prefix}/include'
infodir='${datarootdir}/info'
install_sh='${SHELL} /home/jhx/trunk/nls/nls/install-sh'
libdir='${exec_prefix}/lib'
libexecdir='${exec_prefix}/libexec'
localedir='${datarootdir}/locale'
localstatedir='${prefix}/var'
mandir='${datarootdir}/man'
mkdir_p='$(MKDIR_P)'
oldincludedir='/usr/include'
pdfdir='${docdir}'
prefix='/usr/local'
program_transform_name='s,x,x,'
psdir='${docdir}'
runstatedir='${localstatedir}/run'
sbindir='${exec_prefix}/sbin'
sharedstatedir='${prefix}/com'
sysconfdir='${prefix}/etc'
target_alias=''

## ----------- ##
## confdefs.h. ##
## ----------- ##

/* confdefs.h */
#define PACKAGE_NAME "nls"
#define PACKAGE_TARNAME "nls"
#define PACKAGE_VERSION "0.1"
#define PACKAGE_STRING "nls 0.1"
#define PACKAGE_BUGREPORT "mezixun@foxmail.com"
#define PACKAGE_URL ""
#define PACKAGE "nls"
#define VERSION "0.1"
#define STDC_HEADERS 1
#define HAVE_SYS_TYPES_H 1
#define HAVE_SYS_STAT_H 1
#define HAVE_STDLIB_H 1
#define HAVE_STRING_H 1
#define HAVE_MEMORY_H 1
#define HAVE_STRINGS_H 1
#define HAVE_INTTYPES_H 1
#define HAVE_STDINT_H 1
#define HAVE_UNISTD_H 1
#define HAVE_DLFCN_H 1
#define LT_OBJDIR ".libs/"
#define HAVE_LIBACE 1
#define HAVE_LIBPTHREAD 1
#define HAVE_ARPA_INET_H 1
#define HAVE_FCNTL_H 1
#define HAVE_MALLOC_H 1
#define HAVE_NETDB_H 1
#define HAVE_NETINET_IN_H 1
#define HAVE_STDLIB_H 1
#define HAVE_STRING_H 1
#define HAVE_SYS_SOCKET_H 1
#define HAVE_SYS_TIME_H 1
#define HAVE__BOOL 1
#define HAVE_STDLIB_H 1
#define HAVE_MALLOC 1
#define HAVE_BZERO 1
#define HAVE_DUP2 1
#define HAVE_GETTIMEOFDAY 1
#define HAVE_LOCALTIME_R 1
#define HAVE_MEMSET 1
#define HAVE_SOCKET 1
#define HAVE_STRCASECMP 1
#define HAVE_STRCHR 1
#define HAVE_STRERROR 1
#define HAVE_STRTOL 1

configure: exit 0

## ---------------------- ##
## Running config.status. ##
## ---------------------- ##

This file was extended by nls config.status 0.1, which was
generated by GNU Autoconf 2.69.  Invocation command line was

  CONFIG_FILES    = 
  CONFIG_HEADERS  = 
  CONFIG_LINKS    = 
  CONFIG_COMMANDS = 
  $ ./config.status 

on jhx-VirtualBox

config.status:1174: creating Makefile
config.status:1174: creating Worker/Makefile
config.status:1174: creating common/Makefile
config.status:1174: creating common/json/Makefile
config.status:1174: creating config.h
config.status:1355: config.h is unchanged
config.status:1403: executing depfiles commands
config.status:1403: executing libtool commands

## ---------------------- ##
## Running config.status. ##
## ---------------------- ##

This file was extended by nls config.status 0.1, which was
generated by GNU Autoconf 2.69.  Invocation command line was

  CONFIG_FILES    = 
  CONFIG_HEADERS  = 
  CONFIG_LINKS    = 
  CONFIG_COMMANDS = 
  $ ./config.status config.h

on jhx-VirtualBox

config.status:1174: creating config.h
config.status:1355: config.h is unchanged

## ---------------------- ##
## Running config.status. ##
## ---------------------- ##

This file was extended by nls config.status 0.1, which was
generated by GNU Autoconf 2.69.  Invocation command line was

  CONFIG_FILES    = 
  CONFIG_HEADERS  = 
  CONFIG_LINKS    = 
  CONFIG_COMMANDS = 
  $ ./config.status Worker/Makefile depfiles

on jhx-VirtualBox

config.status:1174: creating Worker/Makefile
config.status:1403: executing depfiles commands

## ---------------------- ##
## Running config.status. ##
## ---------------------- ##

This file was extended by nls config.status 0.1, which was
generated by GNU Autoconf 2.69.  Invocation command line was

  CONFIG_FILES    = 
  CONFIG_HEADERS  = 
  CONFIG_LINKS    = 
  CONFIG_COMMANDS = 
  $ ./config.status Worker/Makefile depfiles

on jhx-VirtualBox

config.status:1174: creating Worker/Makefile
config.status:1403: executing depfiles commands

## ---------------------- ##
## Running config.status. ##
## ---------------------- ##

This file was extended by nls config.status 0.1, which was
generated by GNU Autoconf 2.69.  Invocation command line was

  CONFIG_FILES    = 
  CONFIG_HEADERS  = 
  CONFIG_LINKS    = 
  CONFIG_COMMANDS = 
  $ ./config.status Worker/Makefile depfiles

on jhx-VirtualBox

config.status:1174: creating Worker/Makefile
config.status:1403: executing depfiles commands

## ---------------------- ##
## Running config.status. ##
## ---------------------- ##

This file was extended by nls config.status 0.1, which was
generated by GNU Autoconf 2.69.  Invocation command line was

  CONFIG_FILES    = 
  CONFIG_HEADERS  = 
  CONFIG_LINKS    = 
  CONFIG_COMMANDS = 
  $ ./config.status Worker/Makefile depfiles

on jhx-VirtualBox

config.status:1174: creating Worker/Makefile
config.status:1403: executing depfiles commands
